<?xml version="1.0" encoding="UTF-8"?>
<testng-results ignored="3" total="4" passed="1" failed="0" skipped="0">
  <reporter-output>
  </reporter-output>
  <suite started-at="2020-12-24T20:02:37 IST" name="Suite" finished-at="2020-12-24T20:04:06 IST" duration-ms="88934">
    <groups>
    </groups>
    <test started-at="2020-12-24T20:02:37 IST" name="Test" finished-at="2020-12-24T20:04:06 IST" duration-ms="88934">
      <class name="Practice.AppiumFramework.TC_01">
        <test-method is-config="true" signature="bt()[pri:0, instance:Practice.AppiumFramework.TC_01@101952da]" started-at="2020-12-24T20:02:37 IST" name="bt" finished-at="2020-12-24T20:02:42 IST" duration-ms="5028" status="PASS">
          <reporter-output>
          </reporter-output>
        </test-method> <!-- bt -->
        <test-method signature="testcase4()[pri:0, instance:Practice.AppiumFramework.TC_01@101952da]" started-at="2020-12-24T20:02:42 IST" name="testcase4" finished-at="2020-12-24T20:04:06 IST" duration-ms="83878" status="PASS">
          <reporter-output>
          </reporter-output>
        </test-method> <!-- testcase4 -->
      </class> <!-- Practice.AppiumFramework.TC_01 -->
    </test> <!-- Test -->
  </suite> <!-- Suite -->
</testng-results>
