<?xml version="1.0" encoding="UTF-8"?>
<!-- Generated by org.testng.reporters.JUnitXMLReporter -->
<testsuite ignored="3" hostname="LAPTOP-DTIL5QAT" failures="0" tests="1" name="Test" time="88.934" errors="0" timestamp="2020-12-24T20:04:06 IST">
  <testcase classname="Practice.AppiumFramework.TC_01" name="testcase4" time="83.878"/>
  <testcase classname="Practice.AppiumFramework.TC_01" name="testcase1" time="0.0">
    <ignored/>
  </testcase> <!-- testcase1 -->
  <testcase classname="Practice.AppiumFramework.TC_01" name="testcase3" time="0.0">
    <ignored/>
  </testcase> <!-- testcase3 -->
  <testcase classname="Practice.AppiumFramework.TC_01" name="testcase2" time="0.0">
    <ignored/>
  </testcase> <!-- testcase2 -->
</testsuite> <!-- Test -->
