<?xml version="1.0" encoding="UTF-8"?>
<!-- Generated by org.testng.reporters.JUnitXMLReporter -->
<testsuite ignored="3" hostname="LAPTOP-DTIL5QAT" failures="0" tests="1" name="Default test" time="92.215" errors="0" timestamp="2020-12-24T19:31:38 IST">
  <testcase classname="Practice.AppiumFramework.TC_01" name="testcase4" time="87.157"/>
  <testcase classname="Practice.AppiumFramework.TC_01" name="testcase1" time="0.0">
    <ignored/>
  </testcase> <!-- testcase1 -->
  <testcase classname="Practice.AppiumFramework.TC_01" name="testcase3" time="0.0">
    <ignored/>
  </testcase> <!-- testcase3 -->
  <testcase classname="Practice.AppiumFramework.TC_01" name="testcase2" time="0.0">
    <ignored/>
  </testcase> <!-- testcase2 -->
</testsuite> <!-- Default test -->
